INFO:     Started server process [23444]
INFO:     Waiting for application startup.
INFO:     Application startup complete.
INFO:     Uvicorn running on http://0.0.0.0:8003 (Press CTRL+C to quit)
INFO:     127.0.0.1:56350 - "GET /health HTTP/1.1" 200 OK
INFO:     127.0.0.1:56371 - "GET /health HTTP/1.1" 200 OK
INFO:     127.0.0.1:56404 - "POST /analyze_sse HTTP/1.1" 200 OK
已加载环境配置: E:\AI\data\envs\car_agent_env\.env
使用 MiniMax API...
MiniMax 响应: {
  "intent_type": "竞品分析",
  "confidence": 0.95,
  "dimensions": {
    "价格区间": "",
    "车型级别": "",
    "动力类型": ""
  },
  "need_sentiment": false
}...
解析结果: {'intent_type': '竞品分析', 'confidence': 0.95, 'dimensions': {'价格区间': '', '车型级别': '', '动力类型': ''}, 'need_sentiment': False}
INFO:     127.0.0.1:56436 - "POST /analyze_sse HTTP/1.1" 200 OK
使用 MiniMax API...
MiniMax 响应: {
  "intent_type": "综合分析",
  "confidence": 0.9,
  "dimensions": {
    "价格区间": "",
    "车型级别": "",
    "动力类型": ""
  },
  "need_sentiment": true
}...
解析结果: {'intent_type': '综合分析', 'confidence': 0.9, 'dimensions': {'价格区间': '', '车型级别': '', '动力类型': ''}, 'need_sentiment': True}
INFO:     127.0.0.1:56475 - "GET /health HTTP/1.1" 200 OK
INFO:     127.0.0.1:56479 - "GET /health HTTP/1.1" 200 OK
INFO:     127.0.0.1:56520 - "POST /analyze_sse HTTP/1.1" 200 OK
使用 MiniMax API...
MiniMax 响应: {
  "intent_type": "综合分析",
  "confidence": 0.9,
  "dimensions": {
    "价格区间": "",
    "车型级别": "",
    "动力类型": ""
  },
  "need_sentiment": true
}...
解析结果: {'intent_type': '综合分析', 'confidence': 0.9, 'dimensions': {'价格区间': '', '车型级别': '', '动力类型': ''}, 'need_sentiment': True}
INFO:     127.0.0.1:56560 - "POST /analyze_sse HTTP/1.1" 200 OK
使用 MiniMax API...
MiniMax 响应: {
  "intent_type": "综合分析",
  "confidence": 0.9,
  "dimensions": {
    "价格区间": "",
    "车型级别": "",
    "动力类型": ""
  },
  "need_sentiment": true
}...
解析结果: {'intent_type': '综合分析', 'confidence': 0.9, 'dimensions': {'价格区间': '', '车型级别': '', '动力类型': ''}, 'need_sentiment': True}
INFO:     127.0.0.1:56792 - "GET /health HTTP/1.1" 200 OK
INFO:     127.0.0.1:56793 - "POST /analyze_sse HTTP/1.1" 200 OK
使用 MiniMax API...
INFO:     127.0.0.1:56842 - "GET /health HTTP/1.1" 200 OK
MiniMax 响应: {
  "intent_type": "综合分析",
  "confidence": 0.9,
  "dimensions": {
    "价格区间": "",
    "车型级别": "",
    "动力类型": ""
  },
  "need_sentiment": true
}...
解析结果: {'intent_type': '综合分析', 'confidence': 0.9, 'dimensions': {'价格区间': '', '车型级别': '', '动力类型': ''}, 'need_sentiment': True}
INFO:     127.0.0.1:56894 - "GET /health HTTP/1.1" 200 OK
INFO:     127.0.0.1:56956 - "POST /analyze_sse HTTP/1.1" 200 OK
